<?xml version="1.0" encoding="UTF-8"?>
<testng-results skipped="0" failed="0" ignored="0" total="2" passed="2">
  <reporter-output>
  </reporter-output>
  <suite name="Default suite" duration-ms="16987" started-at="2020-04-05T19:06:20 CEST" finished-at="2020-04-05T19:06:37 CEST">
    <groups>
    </groups>
    <test name="Default test" duration-ms="16987" started-at="2020-04-05T19:06:20 CEST" finished-at="2020-04-05T19:06:37 CEST">
      <class name="tests.CartPageTest">
        <test-method status="PASS" signature="setup()[pri:0, instance:tests.CartPageTest@3701eaf6]" name="setup" is-config="true" duration-ms="9800" started-at="2020-04-05T19:06:20 CEST" finished-at="2020-04-05T19:06:30 CEST">
          <reporter-output>
          </reporter-output>
        </test-method> <!-- setup -->
        <test-method status="PASS" signature="addItemsTest()[pri:1, instance:tests.CartPageTest@3701eaf6]" name="addItemsTest" duration-ms="6781" started-at="2020-04-05T19:06:30 CEST" finished-at="2020-04-05T19:06:37 CEST">
          <reporter-output>
          </reporter-output>
        </test-method> <!-- addItemsTest -->
        <test-method status="PASS" signature="deleteCookies()[pri:2, instance:tests.CartPageTest@3701eaf6]" name="deleteCookies" duration-ms="311" started-at="2020-04-05T19:06:37 CEST" finished-at="2020-04-05T19:06:37 CEST">
          <reporter-output>
          </reporter-output>
        </test-method> <!-- deleteCookies -->
        <test-method status="PASS" signature="afterClass()[pri:0, instance:tests.CartPageTest@3701eaf6]" name="afterClass" is-config="true" duration-ms="69" started-at="2020-04-05T19:06:37 CEST" finished-at="2020-04-05T19:06:37 CEST">
          <reporter-output>
          </reporter-output>
        </test-method> <!-- afterClass -->
      </class> <!-- tests.CartPageTest -->
    </test> <!-- Default test -->
  </suite> <!-- Default suite -->
</testng-results>
